2026.01.03 13:41:57 INFO  Started: Metals version 1.6.4 in folders '/home/kreddy/ADSProject_Group2/02_ALU' for client Visual Studio Code 1.107.0.[0m
2026.01.03 13:41:59 WARN  Using H2 2.4.240 which is newer than the version Flyway has been verified with. The latest verified version of H2 is 2.3.232.[0m
2026.01.03 13:42:09 INFO  running '/home/kreddy/.local/share/coursier/bin/sbt -Dbloop.export-jar-classifiers=sources bloopInstall'[0m
2026.01.03 13:42:09 INFO  no build target found for /home/kreddy/ADSProject_Group2/02_ALU/project/metals.sbt. Using presentation compiler with project's scala-library version: 3.3.6[0m
2026.01.03 13:42:09 WARN  no build target for: /home/kreddy/ADSProject_Group2/02_ALU/project/metals.sbt[0m
2026.01.03 13:42:12 ERROR Error downloading Dependency(org.scala-lang:scala3-presentation-compiler_3, 3.3.6, Configuration(), Set(), Publication(, Type(), Extension(), Classifier()), false, true)
coursier.error.ResolutionError$CantDownloadModule: Error downloading org.lz4:lz4-java:1.8.0
  not found: /home/kreddy/.ivy2/local/org.lz4/lz4-java/1.8.0/ivys/ivy.xml
  checksum format error: /home/kreddy/.cache/coursier/v1/https/repo1.maven.org/maven2/org/lz4/lz4-java/1.8.0/.lz4-java-1.8.0.pom__sha1
  not found: /home/kreddy/.m2/repository/org/lz4/lz4-java/1.8.0/lz4-java-1.8.0.pom
  not found: https://central.sonatype.com/repository/maven-snapshots/org/lz4/lz4-java/1.8.0/lz4-java-1.8.0.pom
	at coursier.Resolve$.$anonfun$validate$1(Resolve.scala:490)
	at scala.collection.immutable.List.map(List.scala:236)
	at scala.collection.immutable.List.map(List.scala:79)
	at coursier.Resolve$.validate(Resolve.scala:488)
	at coursier.Resolve.validate0$1(Resolve.scala:231)
	at coursier.Resolve.$anonfun$ioWithConflicts0$6(Resolve.scala:281)
	at coursier.util.Task$.$anonfun$flatMap$extension$1(Task.scala:14)
	at coursier.util.Task$.$anonfun$flatMap$extension$1$adapted(Task.scala:14)
	at coursier.util.Task$.wrap(Task.scala:82)
	at coursier.util.Task$.$anonfun$flatMap$2(Task.scala:14)
	at scala.concurrent.impl.Promise$Transformation.run(Promise.scala:503)
	at java.util.concurrent.ThreadPoolExecutor.runWorker(ThreadPoolExecutor.java:1136)
	at java.util.concurrent.ThreadPoolExecutor$Worker.run(ThreadPoolExecutor.java:635)
	at java.lang.Thread.run(Thread.java:840)
[0m
2026.01.03 13:42:12 INFO  Found coursier in path under /home/kreddy/.local/share/coursier/bin/cs, using it to fetch dependency[0m
2026.01.03 13:42:13 INFO  [info] welcome to sbt 1.11.7 (Eclipse Adoptium Java 17.0.17)[0m
2026.01.03 13:42:13 ERROR Resolution error: Error downloading org.lz4:lz4-java:1.8.0[0m
2026.01.03 13:42:13 ERROR   not found: /home/kreddy/.ivy2/local/org.lz4/lz4-java/1.8.0/ivys/ivy.xml[0m
2026.01.03 13:42:13 ERROR   checksum format error: /home/kreddy/.cache/coursier/v1/https/repo1.maven.org/maven2/org/lz4/lz4-java/1.8.0/.lz4-java-1.8.0.pom__sha1[0m
2026.01.03 13:42:15 ERROR Error downloading Dependency(org.scala-lang:scala3-presentation-compiler_3, 3.3.6, Configuration(), Set(), Publication(, Type(), Extension(), Classifier()), false, true)
coursier.error.ResolutionError$CantDownloadModule: Error downloading org.lz4:lz4-java:1.8.0
  not found: /home/kreddy/.ivy2/local/org.lz4/lz4-java/1.8.0/ivys/ivy.xml
  checksum format error: /home/kreddy/.cache/coursier/v1/https/repo1.maven.org/maven2/org/lz4/lz4-java/1.8.0/.lz4-java-1.8.0.pom__sha1
  not found: /home/kreddy/.m2/repository/org/lz4/lz4-java/1.8.0/lz4-java-1.8.0.pom
  not found: https://central.sonatype.com/repository/maven-snapshots/org/lz4/lz4-java/1.8.0/lz4-java-1.8.0.pom
	at coursier.Resolve$.$anonfun$validate$1(Resolve.scala:490)
	at scala.collection.immutable.List.map(List.scala:236)
	at scala.collection.immutable.List.map(List.scala:79)
	at coursier.Resolve$.validate(Resolve.scala:488)
	at coursier.Resolve.validate0$1(Resolve.scala:231)
	at coursier.Resolve.$anonfun$ioWithConflicts0$6(Resolve.scala:281)
	at coursier.util.Task$.$anonfun$flatMap$extension$1(Task.scala:14)
	at coursier.util.Task$.$anonfun$flatMap$extension$1$adapted(Task.scala:14)
	at coursier.util.Task$.wrap(Task.scala:82)
	at coursier.util.Task$.$anonfun$flatMap$2(Task.scala:14)
	at scala.concurrent.impl.Promise$Transformation.run(Promise.scala:503)
	at java.util.concurrent.ThreadPoolExecutor.runWorker(ThreadPoolExecutor.java:1136)
	at java.util.concurrent.ThreadPoolExecutor$Worker.run(ThreadPoolExecutor.java:635)
	at java.lang.Thread.run(Thread.java:840)
[0m
2026.01.03 13:42:15 INFO  Found coursier in path under /home/kreddy/.local/share/coursier/bin/cs, using it to fetch dependency[0m
2026.01.03 13:42:15 ERROR Resolution error: Error downloading org.lz4:lz4-java:1.8.0[0m
2026.01.03 13:42:15 ERROR   not found: /home/kreddy/.ivy2/local/org.lz4/lz4-java/1.8.0/ivys/ivy.xml[0m
2026.01.03 13:42:15 ERROR   checksum format error: /home/kreddy/.cache/coursier/v1/https/repo1.maven.org/maven2/org/lz4/lz4-java/1.8.0/.lz4-java-1.8.0.pom__sha1[0m
2026.01.03 13:42:17 ERROR Error downloading Dependency(org.scala-lang:scala3-presentation-compiler_3, 3.3.6, Configuration(), Set(), Publication(, Type(), Extension(), Classifier()), false, true)
coursier.error.ResolutionError$CantDownloadModule: Error downloading org.lz4:lz4-java:1.8.0
  not found: /home/kreddy/.ivy2/local/org.lz4/lz4-java/1.8.0/ivys/ivy.xml
  checksum format error: /home/kreddy/.cache/coursier/v1/https/repo1.maven.org/maven2/org/lz4/lz4-java/1.8.0/.lz4-java-1.8.0.pom__sha1
  not found: /home/kreddy/.m2/repository/org/lz4/lz4-java/1.8.0/lz4-java-1.8.0.pom
  not found: https://central.sonatype.com/repository/maven-snapshots/org/lz4/lz4-java/1.8.0/lz4-java-1.8.0.pom
	at coursier.Resolve$.$anonfun$validate$1(Resolve.scala:490)
	at scala.collection.immutable.List.map(List.scala:236)
	at scala.collection.immutable.List.map(List.scala:79)
	at coursier.Resolve$.validate(Resolve.scala:488)
	at coursier.Resolve.validate0$1(Resolve.scala:231)
	at coursier.Resolve.$anonfun$ioWithConflicts0$6(Resolve.scala:281)
	at coursier.util.Task$.$anonfun$flatMap$extension$1(Task.scala:14)
	at coursier.util.Task$.$anonfun$flatMap$extension$1$adapted(Task.scala:14)
	at coursier.util.Task$.wrap(Task.scala:82)
	at coursier.util.Task$.$anonfun$flatMap$2(Task.scala:14)
	at scala.concurrent.impl.Promise$Transformation.run(Promise.scala:503)
	at java.util.concurrent.ThreadPoolExecutor.runWorker(ThreadPoolExecutor.java:1136)
	at java.util.concurrent.ThreadPoolExecutor$Worker.run(ThreadPoolExecutor.java:635)
	at java.lang.Thread.run(Thread.java:840)
[0m
2026.01.03 13:42:17 INFO  Found coursier in path under /home/kreddy/.local/share/coursier/bin/cs, using it to fetch dependency[0m
2026.01.03 13:42:17 ERROR Resolution error: Error downloading org.lz4:lz4-java:1.8.0[0m
2026.01.03 13:42:17 ERROR   not found: /home/kreddy/.ivy2/local/org.lz4/lz4-java/1.8.0/ivys/ivy.xml[0m
2026.01.03 13:42:17 ERROR   checksum format error: /home/kreddy/.cache/coursier/v1/https/repo1.maven.org/maven2/org/lz4/lz4-java/1.8.0/.lz4-java-1.8.0.pom__sha1[0m
2026.01.03 13:42:17 INFO  [info] loading settings for project root-02_alu-build-build from metals.sbt...[0m
2026.01.03 13:42:18 ERROR Error downloading Dependency(org.scala-lang:scala3-presentation-compiler_3, 3.3.6, Configuration(), Set(), Publication(, Type(), Extension(), Classifier()), false, true)
coursier.error.ResolutionError$CantDownloadModule: Error downloading org.lz4:lz4-java:1.8.0
  not found: /home/kreddy/.ivy2/local/org.lz4/lz4-java/1.8.0/ivys/ivy.xml
  checksum format error: /home/kreddy/.cache/coursier/v1/https/repo1.maven.org/maven2/org/lz4/lz4-java/1.8.0/.lz4-java-1.8.0.pom__sha1
  not found: /home/kreddy/.m2/repository/org/lz4/lz4-java/1.8.0/lz4-java-1.8.0.pom
  not found: https://central.sonatype.com/repository/maven-snapshots/org/lz4/lz4-java/1.8.0/lz4-java-1.8.0.pom
	at coursier.Resolve$.$anonfun$validate$1(Resolve.scala:490)
	at scala.collection.immutable.List.map(List.scala:236)
	at scala.collection.immutable.List.map(List.scala:79)
	at coursier.Resolve$.validate(Resolve.scala:488)
	at coursier.Resolve.validate0$1(Resolve.scala:231)
	at coursier.Resolve.$anonfun$ioWithConflicts0$6(Resolve.scala:281)
	at coursier.util.Task$.$anonfun$flatMap$extension$1(Task.scala:14)
	at coursier.util.Task$.$anonfun$flatMap$extension$1$adapted(Task.scala:14)
	at coursier.util.Task$.wrap(Task.scala:82)
	at coursier.util.Task$.$anonfun$flatMap$2(Task.scala:14)
	at scala.concurrent.impl.Promise$Transformation.run(Promise.scala:503)
	at java.util.concurrent.ThreadPoolExecutor.runWorker(ThreadPoolExecutor.java:1136)
	at java.util.concurrent.ThreadPoolExecutor$Worker.run(ThreadPoolExecutor.java:635)
	at java.lang.Thread.run(Thread.java:840)
[0m
2026.01.03 13:42:18 INFO  [info] loading project definition from /home/kreddy/ADSProject_Group2/02_ALU/project/project[0m
2026.01.03 13:42:18 INFO  Found coursier in path under /home/kreddy/.local/share/coursier/bin/cs, using it to fetch dependency[0m
2026.01.03 13:42:19 ERROR Resolution error: Error downloading org.lz4:lz4-java:1.8.0[0m
2026.01.03 13:42:19 ERROR   not found: /home/kreddy/.ivy2/local/org.lz4/lz4-java/1.8.0/ivys/ivy.xml[0m
2026.01.03 13:42:19 ERROR   checksum format error: /home/kreddy/.cache/coursier/v1/https/repo1.maven.org/maven2/org/lz4/lz4-java/1.8.0/.lz4-java-1.8.0.pom__sha1[0m
2026.01.03 13:42:20 ERROR Error downloading Dependency(org.scala-lang:scala3-presentation-compiler_3, 3.3.6, Configuration(), Set(), Publication(, Type(), Extension(), Classifier()), false, true)
coursier.error.ResolutionError$CantDownloadModule: Error downloading org.lz4:lz4-java:1.8.0
  not found: /home/kreddy/.ivy2/local/org.lz4/lz4-java/1.8.0/ivys/ivy.xml
  checksum format error: /home/kreddy/.cache/coursier/v1/https/repo1.maven.org/maven2/org/lz4/lz4-java/1.8.0/.lz4-java-1.8.0.pom__sha1
  not found: /home/kreddy/.m2/repository/org/lz4/lz4-java/1.8.0/lz4-java-1.8.0.pom
  not found: https://central.sonatype.com/repository/maven-snapshots/org/lz4/lz4-java/1.8.0/lz4-java-1.8.0.pom
	at coursier.Resolve$.$anonfun$validate$1(Resolve.scala:490)
	at scala.collection.immutable.List.map(List.scala:236)
	at scala.collection.immutable.List.map(List.scala:79)
	at coursier.Resolve$.validate(Resolve.scala:488)
	at coursier.Resolve.validate0$1(Resolve.scala:231)
	at coursier.Resolve.$anonfun$ioWithConflicts0$6(Resolve.scala:281)
	at coursier.util.Task$.$anonfun$flatMap$extension$1(Task.scala:14)
	at coursier.util.Task$.$anonfun$flatMap$extension$1$adapted(Task.scala:14)
	at coursier.util.Task$.wrap(Task.scala:82)
	at coursier.util.Task$.$anonfun$flatMap$2(Task.scala:14)
	at scala.concurrent.impl.Promise$Transformation.run(Promise.scala:503)
	at java.util.concurrent.ThreadPoolExecutor.runWorker(ThreadPoolExecutor.java:1136)
	at java.util.concurrent.ThreadPoolExecutor$Worker.run(ThreadPoolExecutor.java:635)
	at java.lang.Thread.run(Thread.java:840)
[0m
2026.01.03 13:42:20 INFO  Found coursier in path under /home/kreddy/.local/share/coursier/bin/cs, using it to fetch dependency[0m
2026.01.03 13:42:20 ERROR Resolution error: Error downloading org.lz4:lz4-java:1.8.0[0m
2026.01.03 13:42:20 ERROR   not found: /home/kreddy/.ivy2/local/org.lz4/lz4-java/1.8.0/ivys/ivy.xml[0m
2026.01.03 13:42:20 ERROR   checksum format error: /home/kreddy/.cache/coursier/v1/https/repo1.maven.org/maven2/org/lz4/lz4-java/1.8.0/.lz4-java-1.8.0.pom__sha1[0m
2026.01.03 13:42:22 ERROR Error downloading Dependency(org.scala-lang:scala3-presentation-compiler_3, 3.3.6, Configuration(), Set(), Publication(, Type(), Extension(), Classifier()), false, true)
coursier.error.ResolutionError$CantDownloadModule: Error downloading org.lz4:lz4-java:1.8.0
  not found: /home/kreddy/.ivy2/local/org.lz4/lz4-java/1.8.0/ivys/ivy.xml
  checksum format error: /home/kreddy/.cache/coursier/v1/https/repo1.maven.org/maven2/org/lz4/lz4-java/1.8.0/.lz4-java-1.8.0.pom__sha1
  not found: /home/kreddy/.m2/repository/org/lz4/lz4-java/1.8.0/lz4-java-1.8.0.pom
  not found: https://central.sonatype.com/repository/maven-snapshots/org/lz4/lz4-java/1.8.0/lz4-java-1.8.0.pom
	at coursier.Resolve$.$anonfun$validate$1(Resolve.scala:490)
	at scala.collection.immutable.List.map(List.scala:236)
	at scala.collection.immutable.List.map(List.scala:79)
	at coursier.Resolve$.validate(Resolve.scala:488)
	at coursier.Resolve.validate0$1(Resolve.scala:231)
	at coursier.Resolve.$anonfun$ioWithConflicts0$6(Resolve.scala:281)
	at coursier.util.Task$.$anonfun$flatMap$extension$1(Task.scala:14)
	at coursier.util.Task$.$anonfun$flatMap$extension$1$adapted(Task.scala:14)
	at coursier.util.Task$.wrap(Task.scala:82)
	at coursier.util.Task$.$anonfun$flatMap$2(Task.scala:14)
	at scala.concurrent.impl.Promise$Transformation.run(Promise.scala:503)
	at java.util.concurrent.ThreadPoolExecutor.runWorker(ThreadPoolExecutor.java:1136)
	at java.util.concurrent.ThreadPoolExecutor$Worker.run(ThreadPoolExecutor.java:635)
	at java.lang.Thread.run(Thread.java:840)
[0m
2026.01.03 13:42:22 INFO  Found coursier in path under /home/kreddy/.local/share/coursier/bin/cs, using it to fetch dependency[0m
2026.01.03 13:42:24 ERROR Resolution error: Error downloading org.lz4:lz4-java:1.8.0[0m
2026.01.03 13:42:24 ERROR   not found: /home/kreddy/.ivy2/local/org.lz4/lz4-java/1.8.0/ivys/ivy.xml[0m
2026.01.03 13:42:24 ERROR   checksum format error: /home/kreddy/.cache/coursier/v1/https/repo1.maven.org/maven2/org/lz4/lz4-java/1.8.0/.lz4-java-1.8.0.pom__sha1[0m
2026.01.03 13:42:24 ERROR Failed to resolve Scala 3 presentation compiler for 3.3.6
coursier.error.ResolutionError$CantDownloadModule: Error downloading org.lz4:lz4-java:1.8.0
  not found: /home/kreddy/.ivy2/local/org.lz4/lz4-java/1.8.0/ivys/ivy.xml
  checksum format error: /home/kreddy/.cache/coursier/v1/https/repo1.maven.org/maven2/org/lz4/lz4-java/1.8.0/.lz4-java-1.8.0.pom__sha1
  not found: /home/kreddy/.m2/repository/org/lz4/lz4-java/1.8.0/lz4-java-1.8.0.pom
  not found: https://central.sonatype.com/repository/maven-snapshots/org/lz4/lz4-java/1.8.0/lz4-java-1.8.0.pom
	at coursier.Resolve$.$anonfun$validate$1(Resolve.scala:490)
	at scala.collection.immutable.List.map(List.scala:236)
	at scala.collection.immutable.List.map(List.scala:79)
	at coursier.Resolve$.validate(Resolve.scala:488)
	at coursier.Resolve.validate0$1(Resolve.scala:231)
	at coursier.Resolve.$anonfun$ioWithConflicts0$6(Resolve.scala:281)
	at coursier.util.Task$.$anonfun$flatMap$extension$1(Task.scala:14)
	at coursier.util.Task$.$anonfun$flatMap$extension$1$adapted(Task.scala:14)
	at coursier.util.Task$.wrap(Task.scala:82)
	at coursier.util.Task$.$anonfun$flatMap$2(Task.scala:14)
	at scala.concurrent.impl.Promise$Transformation.run(Promise.scala:503)
	at java.util.concurrent.ThreadPoolExecutor.runWorker(ThreadPoolExecutor.java:1136)
	at java.util.concurrent.ThreadPoolExecutor$Worker.run(ThreadPoolExecutor.java:635)
	at java.lang.Thread.run(Thread.java:840)
[0m
2026.01.03 13:42:25 INFO  [info] loading settings for project root-02_alu-build from metals.sbt...[0m
2026.01.03 13:42:25 INFO  [info] loading project definition from /home/kreddy/ADSProject_Group2/02_ALU/project[0m
2026.01.03 13:42:29 INFO  [success] Generated .bloop/root-02_alu-build.json[0m
2026.01.03 13:42:29 INFO  [success] Total time: 5 s, completed Jan 3, 2026, 1:42:30 PM[0m
2026.01.03 13:42:32 ERROR /home/kreddy/ADSProject_Group2/02_ALU/build.sbt:12: warning: method sonatypeRepo in class ResolverFunctions is deprecated (since 1.7.0): Sonatype OSS Repository Hosting (OSSRH) was sunset on 2025-06-30; remove this resolver. If snapshots are required, use:[0m
2026.01.03 13:42:32 ERROR   resolvers += Resolver.sonatypeCentralSnapshots[0m
2026.01.03 13:42:32 ERROR [0m
2026.01.03 13:42:32 ERROR   Resolver.sonatypeRepo("snapshots"),[0m
2026.01.03 13:42:32 ERROR            ^[0m
2026.01.03 13:42:32 ERROR /home/kreddy/ADSProject_Group2/02_ALU/build.sbt:13: warning: method sonatypeRepo in class ResolverFunctions is deprecated (since 1.7.0): Sonatype OSS Repository Hosting (OSSRH) was sunset on 2025-06-30; remove this resolver. If snapshots are required, use:[0m
2026.01.03 13:42:32 ERROR   resolvers += Resolver.sonatypeCentralSnapshots[0m
2026.01.03 13:42:32 ERROR [0m
2026.01.03 13:42:32 ERROR   Resolver.sonatypeRepo("releases")[0m
2026.01.03 13:42:32 ERROR            ^[0m
2026.01.03 13:42:33 INFO  [info] loading settings for project root-02_alu from build.sbt...[0m
2026.01.03 13:42:33 INFO  [info] set current project to root-02_alu (in build file:/home/kreddy/ADSProject_Group2/02_ALU/)[0m
2026.01.03 13:42:35 INFO  [success] Generated .bloop/root-02_alu.json[0m
2026.01.03 13:42:35 INFO  [success] Generated .bloop/root-02_alu-test.json[0m
2026.01.03 13:42:35 INFO  [success] Total time: 1 s, completed Jan 3, 2026, 1:42:35 PM[0m
2026.01.03 13:42:35 INFO  time: ran 'sbt bloopInstall' in 24s[0m
2026.01.03 13:42:35 INFO  Attempting to connect to the build server...[0m
2026.01.03 13:42:35 INFO  No running Bloop server found, starting one.[0m
2026.01.03 13:42:38 ERROR Error downloading Dependency(ch.epfl.scala:bloop-frontend_2.12, 2.0.17, Configuration(), Set(), Publication(, Type(), Extension(), Classifier()), false, true)
coursier.error.ResolutionError$Several: Error downloading com.googlecode.java-diff-utils:diffutils:1.3.0
  not found: /home/kreddy/.ivy2/local/com.googlecode.java-diff-utils/diffutils/1.3.0/ivys/ivy.xml
  checksum format error: /home/kreddy/.cache/coursier/v1/https/repo1.maven.org/maven2/com/googlecode/java-diff-utils/diffutils/1.3.0/.diffutils-1.3.0.pom__sha1
  not found: /home/kreddy/.m2/repository/com/googlecode/java-diff-utils/diffutils/1.3.0/diffutils-1.3.0.pom
  not found: https://central.sonatype.com/repository/maven-snapshots/com/googlecode/java-diff-utils/diffutils/1.3.0/diffutils-1.3.0.pom
Error downloading ch.epfl.scala:com-microsoft-java-debug-core:0.34.0+39
  not found: /home/kreddy/.ivy2/local/ch.epfl.scala/com-microsoft-java-debug-core/0.34.0+39/ivys/ivy.xml
  checksum format error: /home/kreddy/.cache/coursier/v1/https/repo1.maven.org/maven2/ch/epfl/scala/com-microsoft-java-debug-core/0.34.0%2B39/.com-microsoft-java-debug-core-0.34.0%2B39.pom__sha1
  not found: /home/kreddy/.m2/repository/ch/epfl/scala/com-microsoft-java-debug-core/0.34.0+39/com-microsoft-java-debug-core-0.34.0+39.pom
  not found: https://central.sonatype.com/repository/maven-snapshots/ch/epfl/scala/com-microsoft-java-debug-core/0.34.0+39/com-microsoft-java-debug-core-0.34.0+39.pom
Error downloading org.eclipse.ee4j:project:1.0.7
  not found: /home/kreddy/.ivy2/local/org.eclipse.ee4j/project/1.0.7/ivys/ivy.xml
  checksum format error: /home/kreddy/.cache/coursier/v1/https/repo1.maven.org/maven2/org/eclipse/ee4j/project/1.0.7/.project-1.0.7.pom__sha1
  not found: /home/kreddy/.m2/repository/org/eclipse/ee4j/project/1.0.7/project-1.0.7.pom
  not found: https://central.sonatype.com/repository/maven-snapshots/org/eclipse/ee4j/project/1.0.7/project-1.0.7.pom
	at coursier.error.ResolutionError$.from(ResolutionError.scala:170)
	at coursier.Resolve.validate0$1(Resolve.scala:233)
	at coursier.Resolve.$anonfun$ioWithConflicts0$6(Resolve.scala:281)
	at coursier.util.Task$.$anonfun$flatMap$extension$1(Task.scala:14)
	at coursier.util.Task$.$anonfun$flatMap$extension$1$adapted(Task.scala:14)
	at coursier.util.Task$.wrap(Task.scala:82)
	at coursier.util.Task$.$anonfun$flatMap$2(Task.scala:14)
	at scala.concurrent.impl.Promise$Transformation.run(Promise.scala:503)
	at java.util.concurrent.ThreadPoolExecutor.runWorker(ThreadPoolExecutor.java:1136)
	at java.util.concurrent.ThreadPoolExecutor$Worker.run(ThreadPoolExecutor.java:635)
	at java.lang.Thread.run(Thread.java:840)
[0m
2026.01.03 13:42:38 INFO  Found coursier in path under /home/kreddy/.local/share/coursier/bin/cs, using it to fetch dependency[0m
2026.01.03 13:42:39 ERROR Resolution error: Error downloading ch.epfl.scala:com-microsoft-java-debug-core:0.34.0+39[0m
2026.01.03 13:42:39 ERROR   not found: /home/kreddy/.ivy2/local/ch.epfl.scala/com-microsoft-java-debug-core/0.34.0+39/ivys/ivy.xml[0m
2026.01.03 13:42:39 ERROR   checksum format error: /home/kreddy/.cache/coursier/v1/https/repo1.maven.org/maven2/ch/epfl/scala/com-microsoft-java-debug-core/0.34.0%2B39/.com-microsoft-java-debug-core-0.34.0%2B39.pom__sha1[0m
2026.01.03 13:42:39 ERROR Error downloading com.googlecode.java-diff-utils:diffutils:1.3.0[0m
2026.01.03 13:42:39 ERROR   not found: /home/kreddy/.ivy2/local/com.googlecode.java-diff-utils/diffutils/1.3.0/ivys/ivy.xml[0m
2026.01.03 13:42:39 ERROR   checksum format error: /home/kreddy/.cache/coursier/v1/https/repo1.maven.org/maven2/com/googlecode/java-diff-utils/diffutils/1.3.0/.diffutils-1.3.0.pom__sha1[0m
2026.01.03 13:42:39 ERROR Error downloading org.eclipse.ee4j:project:1.0.7[0m
2026.01.03 13:42:39 ERROR   not found: /home/kreddy/.ivy2/local/org.eclipse.ee4j/project/1.0.7/ivys/ivy.xml[0m
2026.01.03 13:42:39 ERROR   checksum format error: /home/kreddy/.cache/coursier/v1/https/repo1.maven.org/maven2/org/eclipse/ee4j/project/1.0.7/.project-1.0.7.pom__sha1[0m
2026.01.03 13:42:39 ERROR Bloop server PID: 9785
Ignoring SIGINT
Will truncate output file /home/kreddy/.local/share/scalacli/bloop/daemon/output every 5 minutes
Unable to load nailgun-version.properties.
NGServer [UNKNOWN] started on local socket /home/kreddy/.local/share/scalacli/bloop/daemon/socket.
/home/kreddy/ADSProject_Group2/01_warm-up/src/main/scala
/home/kreddy/ADSProject_Group2/01_warm-up/src/main/scala
/tmp/metals-scala-cli1877447146201809957/.scala-build
/tmp/metals-scala-cli1877447146201809957/.scala-build
/home/kreddy/ADSProject_Group2/01_warm-up/src/test/scala
/home/kreddy/ADSProject_Group2/01_warm-up/src/test/scala
/home/kreddy/ADSProject_Group2/01_warm-up/src/test/scala
/home/kreddy/ADSProject_Group2/01_warm-up/src/test/scala
/tmp/metals-scala-cli1877447146201809957/.scala-build
/tmp/metals-scala-cli1877447146201809957/.scala-build
/home/kreddy/ADSProject_Group2/01_warm-up/src/main/scala
/home/kreddy/ADSProject_Group2/01_warm-up/src/main/scala
/home/kreddy/ADSProject_Group2/01_warm-up/src/main/scala
/home/kreddy/ADSProject_Group2/01_warm-up/src/main/scala
/tmp/metals-scala-cli1877447146201809957/.scala-build
/tmp/metals-scala-cli1877447146201809957/.scala-build
[0m
2026.01.03 13:42:38 ERROR Failed to connect with build server, no functionality will work.
java.lang.Exception: Error getting Bloop class path
	at bloop.rifle.BloopRifle$.startServer(BloopRifle.scala:51)
	at scala.meta.internal.metals.BloopServers.$anonfun$connect$4(BloopServers.scala:401)
	at scala.concurrent.impl.Promise$Transformation.run(Promise.scala:503)
	at java.util.concurrent.ThreadPoolExecutor.runWorker(ThreadPoolExecutor.java:1136)
	at java.util.concurrent.ThreadPoolExecutor$Worker.run(ThreadPoolExecutor.java:635)
	at java.lang.Thread.run(Thread.java:840)
Caused by: coursier.error.ResolutionError$Several: Error downloading com.googlecode.java-diff-utils:diffutils:1.3.0
  not found: /home/kreddy/.ivy2/local/com.googlecode.java-diff-utils/diffutils/1.3.0/ivys/ivy.xml
  checksum format error: /home/kreddy/.cache/coursier/v1/https/repo1.maven.org/maven2/com/googlecode/java-diff-utils/diffutils/1.3.0/.diffutils-1.3.0.pom__sha1
  not found: /home/kreddy/.m2/repository/com/googlecode/java-diff-utils/diffutils/1.3.0/diffutils-1.3.0.pom
  not found: https://central.sonatype.com/repository/maven-snapshots/com/googlecode/java-diff-utils/diffutils/1.3.0/diffutils-1.3.0.pom
Error downloading ch.epfl.scala:com-microsoft-java-debug-core:0.34.0+39
  not found: /home/kreddy/.ivy2/local/ch.epfl.scala/com-microsoft-java-debug-core/0.34.0+39/ivys/ivy.xml
  checksum format error: /home/kreddy/.cache/coursier/v1/https/repo1.maven.org/maven2/ch/epfl/scala/com-microsoft-java-debug-core/0.34.0%2B39/.com-microsoft-java-debug-core-0.34.0%2B39.pom__sha1
  not found: /home/kreddy/.m2/repository/ch/epfl/scala/com-microsoft-java-debug-core/0.34.0+39/com-microsoft-java-debug-core-0.34.0+39.pom
  not found: https://central.sonatype.com/repository/maven-snapshots/ch/epfl/scala/com-microsoft-java-debug-core/0.34.0+39/com-microsoft-java-debug-core-0.34.0+39.pom
Error downloading org.eclipse.ee4j:project:1.0.7
  not found: /home/kreddy/.ivy2/local/org.eclipse.ee4j/project/1.0.7/ivys/ivy.xml
  checksum format error: /home/kreddy/.cache/coursier/v1/https/repo1.maven.org/maven2/org/eclipse/ee4j/project/1.0.7/.project-1.0.7.pom__sha1
  not found: /home/kreddy/.m2/repository/org/eclipse/ee4j/project/1.0.7/project-1.0.7.pom
  not found: https://central.sonatype.com/repository/maven-snapshots/org/eclipse/ee4j/project/1.0.7/project-1.0.7.pom
	at coursier.error.ResolutionError$.from(ResolutionError.scala:170)
	at coursier.Resolve.validate0$1(Resolve.scala:233)
	at coursier.Resolve.$anonfun$ioWithConflicts0$6(Resolve.scala:281)
	at coursier.util.Task$.$anonfun$flatMap$extension$1(Task.scala:14)
	at coursier.util.Task$.$anonfun$flatMap$extension$1$adapted(Task.scala:14)
	at coursier.util.Task$.wrap(Task.scala:82)
	at coursier.util.Task$.$anonfun$flatMap$2(Task.scala:14)
	at scala.concurrent.impl.Promise$Transformation.run(Promise.scala:503)
	at java.util.concurrent.ThreadPoolExecutor.runWorker(ThreadPoolExecutor.java:1136)
	at java.util.concurrent.ThreadPoolExecutor$Worker.run(ThreadPoolExecutor.java:635)
	at java.lang.Thread.run(Thread.java:840)
[0m
Jan 03, 2026 1:45:23 PM org.eclipse.lsp4j.jsonrpc.services.GenericEndpoint notify
INFO: Unsupported notification method: $/setTrace
Jan 03, 2026 1:45:24 PM org.eclipse.lsp4j.jsonrpc.services.GenericEndpoint notify
INFO: Unsupported notification method: $/setTrace
Jan 03, 2026 1:46:09 PM org.eclipse.lsp4j.jsonrpc.services.GenericEndpoint notify
INFO: Unsupported notification method: $/setTrace
Jan 03, 2026 1:46:09 PM org.eclipse.lsp4j.jsonrpc.services.GenericEndpoint notify
INFO: Unsupported notification method: $/setTrace
Jan 03, 2026 1:46:54 PM org.eclipse.lsp4j.jsonrpc.services.GenericEndpoint notify
INFO: Unsupported notification method: $/setTrace
2026.01.05 07:17:47 INFO  Started: Metals version 1.6.4 in folders '/home/kreddy/ADSProject_Group2/02_ALU' for client Visual Studio Code 1.107.0.[0m
2026.01.05 07:17:52 WARN  Using H2 2.4.240 which is newer than the version Flyway has been verified with. The latest verified version of H2 is 2.3.232.[0m
2026.01.05 07:17:53 INFO  Attempting to connect to the build server...[0m
2026.01.05 07:17:53 INFO  No running Bloop server found, starting one.[0m
2026.01.05 07:18:00 ERROR Error downloading Dependency(ch.epfl.scala:bloop-frontend_2.12, 2.0.17, Configuration(), Set(), Publication(, Type(), Extension(), Classifier()), false, true)
coursier.error.ResolutionError$Several: Error downloading com.googlecode.java-diff-utils:diffutils:1.3.0
  not found: /home/kreddy/.ivy2/local/com.googlecode.java-diff-utils/diffutils/1.3.0/ivys/ivy.xml
  checksum format error: /home/kreddy/.cache/coursier/v1/https/repo1.maven.org/maven2/com/googlecode/java-diff-utils/diffutils/1.3.0/.diffutils-1.3.0.pom__sha1
  not found: /home/kreddy/.m2/repository/com/googlecode/java-diff-utils/diffutils/1.3.0/diffutils-1.3.0.pom
  not found: https://central.sonatype.com/repository/maven-snapshots/com/googlecode/java-diff-utils/diffutils/1.3.0/diffutils-1.3.0.pom
Error downloading ch.epfl.scala:com-microsoft-java-debug-core:0.34.0+39
  not found: /home/kreddy/.ivy2/local/ch.epfl.scala/com-microsoft-java-debug-core/0.34.0+39/ivys/ivy.xml
  checksum format error: /home/kreddy/.cache/coursier/v1/https/repo1.maven.org/maven2/ch/epfl/scala/com-microsoft-java-debug-core/0.34.0%2B39/.com-microsoft-java-debug-core-0.34.0%2B39.pom__sha1
  not found: /home/kreddy/.m2/repository/ch/epfl/scala/com-microsoft-java-debug-core/0.34.0+39/com-microsoft-java-debug-core-0.34.0+39.pom
  not found: https://central.sonatype.com/repository/maven-snapshots/ch/epfl/scala/com-microsoft-java-debug-core/0.34.0+39/com-microsoft-java-debug-core-0.34.0+39.pom
Error downloading org.eclipse.ee4j:project:1.0.7
  not found: /home/kreddy/.ivy2/local/org.eclipse.ee4j/project/1.0.7/ivys/ivy.xml
  checksum format error: /home/kreddy/.cache/coursier/v1/https/repo1.maven.org/maven2/org/eclipse/ee4j/project/1.0.7/.project-1.0.7.pom__sha1
  not found: /home/kreddy/.m2/repository/org/eclipse/ee4j/project/1.0.7/project-1.0.7.pom
  not found: https://central.sonatype.com/repository/maven-snapshots/org/eclipse/ee4j/project/1.0.7/project-1.0.7.pom
	at coursier.error.ResolutionError$.from(ResolutionError.scala:170)
	at coursier.Resolve.validate0$1(Resolve.scala:233)
	at coursier.Resolve.$anonfun$ioWithConflicts0$6(Resolve.scala:281)
	at coursier.util.Task$.$anonfun$flatMap$extension$1(Task.scala:14)
	at coursier.util.Task$.$anonfun$flatMap$extension$1$adapted(Task.scala:14)
	at coursier.util.Task$.wrap(Task.scala:82)
	at coursier.util.Task$.$anonfun$flatMap$2(Task.scala:14)
	at scala.concurrent.impl.Promise$Transformation.run(Promise.scala:503)
	at java.util.concurrent.ThreadPoolExecutor.runWorker(ThreadPoolExecutor.java:1136)
	at java.util.concurrent.ThreadPoolExecutor$Worker.run(ThreadPoolExecutor.java:635)
	at java.lang.Thread.run(Thread.java:840)
[0m
2026.01.05 07:18:02 INFO  Found coursier in path under /home/kreddy/.local/share/coursier/bin/cs, using it to fetch dependency[0m
2026.01.05 07:18:03 ERROR Resolution error: Error downloading ch.epfl.scala:com-microsoft-java-debug-core:0.34.0+39[0m
2026.01.05 07:18:03 ERROR   not found: /home/kreddy/.ivy2/local/ch.epfl.scala/com-microsoft-java-debug-core/0.34.0+39/ivys/ivy.xml[0m
2026.01.05 07:18:03 ERROR   checksum format error: /home/kreddy/.cache/coursier/v1/https/repo1.maven.org/maven2/ch/epfl/scala/com-microsoft-java-debug-core/0.34.0%2B39/.com-microsoft-java-debug-core-0.34.0%2B39.pom__sha1[0m
2026.01.05 07:18:03 ERROR Error downloading com.googlecode.java-diff-utils:diffutils:1.3.0[0m
2026.01.05 07:18:03 ERROR   not found: /home/kreddy/.ivy2/local/com.googlecode.java-diff-utils/diffutils/1.3.0/ivys/ivy.xml[0m
2026.01.05 07:18:03 ERROR   checksum format error: /home/kreddy/.cache/coursier/v1/https/repo1.maven.org/maven2/com/googlecode/java-diff-utils/diffutils/1.3.0/.diffutils-1.3.0.pom__sha1[0m
2026.01.05 07:18:03 ERROR Error downloading org.eclipse.ee4j:project:1.0.7[0m
2026.01.05 07:18:03 ERROR   not found: /home/kreddy/.ivy2/local/org.eclipse.ee4j/project/1.0.7/ivys/ivy.xml[0m
2026.01.05 07:18:03 ERROR   checksum format error: /home/kreddy/.cache/coursier/v1/https/repo1.maven.org/maven2/org/eclipse/ee4j/project/1.0.7/.project-1.0.7.pom__sha1[0m
2026.01.05 07:18:03 ERROR Bloop server PID: 9785
Ignoring SIGINT
Will truncate output file /home/kreddy/.local/share/scalacli/bloop/daemon/output every 5 minutes
Unable to load nailgun-version.properties.
NGServer [UNKNOWN] started on local socket /home/kreddy/.local/share/scalacli/bloop/daemon/socket.
/home/kreddy/ADSProject_Group2/01_warm-up/src/main/scala
/home/kreddy/ADSProject_Group2/01_warm-up/src/main/scala
/tmp/metals-scala-cli1877447146201809957/.scala-build
/tmp/metals-scala-cli1877447146201809957/.scala-build
/home/kreddy/ADSProject_Group2/01_warm-up/src/test/scala
/home/kreddy/ADSProject_Group2/01_warm-up/src/test/scala
/home/kreddy/ADSProject_Group2/01_warm-up/src/test/scala
/home/kreddy/ADSProject_Group2/01_warm-up/src/test/scala
/tmp/metals-scala-cli1877447146201809957/.scala-build
/tmp/metals-scala-cli1877447146201809957/.scala-build
/home/kreddy/ADSProject_Group2/01_warm-up/src/main/scala
/home/kreddy/ADSProject_Group2/01_warm-up/src/main/scala
/home/kreddy/ADSProject_Group2/01_warm-up/src/main/scala
/home/kreddy/ADSProject_Group2/01_warm-up/src/main/scala
/tmp/metals-scala-cli1877447146201809957/.scala-build
/tmp/metals-scala-cli1877447146201809957/.scala-build
[0m
2026.01.05 07:18:03 ERROR Failed to connect with build server, no functionality will work.
java.lang.Exception: Error getting Bloop class path
	at bloop.rifle.BloopRifle$.startServer(BloopRifle.scala:51)
	at scala.meta.internal.metals.BloopServers.$anonfun$connect$4(BloopServers.scala:401)
	at scala.concurrent.impl.Promise$Transformation.run(Promise.scala:503)
	at java.util.concurrent.ThreadPoolExecutor.runWorker(ThreadPoolExecutor.java:1136)
	at java.util.concurrent.ThreadPoolExecutor$Worker.run(ThreadPoolExecutor.java:635)
	at java.lang.Thread.run(Thread.java:840)
Caused by: coursier.error.ResolutionError$Several: Error downloading com.googlecode.java-diff-utils:diffutils:1.3.0
  not found: /home/kreddy/.ivy2/local/com.googlecode.java-diff-utils/diffutils/1.3.0/ivys/ivy.xml
  checksum format error: /home/kreddy/.cache/coursier/v1/https/repo1.maven.org/maven2/com/googlecode/java-diff-utils/diffutils/1.3.0/.diffutils-1.3.0.pom__sha1
  not found: /home/kreddy/.m2/repository/com/googlecode/java-diff-utils/diffutils/1.3.0/diffutils-1.3.0.pom
  not found: https://central.sonatype.com/repository/maven-snapshots/com/googlecode/java-diff-utils/diffutils/1.3.0/diffutils-1.3.0.pom
Error downloading ch.epfl.scala:com-microsoft-java-debug-core:0.34.0+39
  not found: /home/kreddy/.ivy2/local/ch.epfl.scala/com-microsoft-java-debug-core/0.34.0+39/ivys/ivy.xml
  checksum format error: /home/kreddy/.cache/coursier/v1/https/repo1.maven.org/maven2/ch/epfl/scala/com-microsoft-java-debug-core/0.34.0%2B39/.com-microsoft-java-debug-core-0.34.0%2B39.pom__sha1
  not found: /home/kreddy/.m2/repository/ch/epfl/scala/com-microsoft-java-debug-core/0.34.0+39/com-microsoft-java-debug-core-0.34.0+39.pom
  not found: https://central.sonatype.com/repository/maven-snapshots/ch/epfl/scala/com-microsoft-java-debug-core/0.34.0+39/com-microsoft-java-debug-core-0.34.0+39.pom
Error downloading org.eclipse.ee4j:project:1.0.7
  not found: /home/kreddy/.ivy2/local/org.eclipse.ee4j/project/1.0.7/ivys/ivy.xml
  checksum format error: /home/kreddy/.cache/coursier/v1/https/repo1.maven.org/maven2/org/eclipse/ee4j/project/1.0.7/.project-1.0.7.pom__sha1
  not found: /home/kreddy/.m2/repository/org/eclipse/ee4j/project/1.0.7/project-1.0.7.pom
  not found: https://central.sonatype.com/repository/maven-snapshots/org/eclipse/ee4j/project/1.0.7/project-1.0.7.pom
	at coursier.error.ResolutionError$.from(ResolutionError.scala:170)
	at coursier.Resolve.validate0$1(Resolve.scala:233)
	at coursier.Resolve.$anonfun$ioWithConflicts0$6(Resolve.scala:281)
	at coursier.util.Task$.$anonfun$flatMap$extension$1(Task.scala:14)
	at coursier.util.Task$.$anonfun$flatMap$extension$1$adapted(Task.scala:14)
	at coursier.util.Task$.wrap(Task.scala:82)
	at coursier.util.Task$.$anonfun$flatMap$2(Task.scala:14)
	at scala.concurrent.impl.Promise$Transformation.run(Promise.scala:503)
	at java.util.concurrent.ThreadPoolExecutor.runWorker(ThreadPoolExecutor.java:1136)
	at java.util.concurrent.ThreadPoolExecutor$Worker.run(ThreadPoolExecutor.java:635)
	at java.lang.Thread.run(Thread.java:840)
[0m
